<?xml version="1.0" encoding="UTF-8"?>
<!-- Generated by org.testng.reporters.JUnitXMLReporter -->
<testsuite ignored="0" hostname="Sudheekshas-Air" failures="1" tests="1" name="Default test" time="5.453" errors="0" timestamp="2024-06-06T21:45:01 NZST">
  <testcase classname="io.cucumber.testng.AbstractTestNGCucumberTests" name="runScenario" time="5.221">
    <failure type="java.lang.NullPointerException" message="Cannot invoke &amp;quot;org.openqa.selenium.WebElement.findElement(org.openqa.selenium.By)&amp;quot; because &amp;quot;prod&amp;quot; is null">
      <![CDATA[java.lang.NullPointerException: Cannot invoke "org.openqa.selenium.WebElement.findElement(org.openqa.selenium.By)" because "prod" is null
at testMaven.PageObjects.ProductCatalogue.addProuctToCart(ProductCatalogue.java:59)
at testMaven.stepdefination.stepDefiniation.I_add_product_to_cart(stepDefiniation.java:43)
at ✽.I add product ZARA COAT 3 to cart(file:///Users/sudheekshabayar/eclipse-workspace/MavenTest/src/test/java/Cucumber/SubmitOrder.feature:12)
]]>
    </failure>
  </testcase> <!-- runScenario -->
</testsuite> <!-- Default test -->
