<?xml version="1.0" encoding="UTF-8"?>
<!-- Generated by org.testng.reporters.JUnitXMLReporter -->
<testsuite ignored="2" hostname="Sudheekshas-Air" failures="0" tests="0" time="0.004" errors="0" timestamp="2024-06-06T22:00:12 NZST">
  <testcase classname="testMaven.tests.ErrorValidation" name="ProductErrorValidation" time="0.0">
    <ignored/>
  </testcase> <!-- ProductErrorValidation -->
  <testcase classname="testMaven.tests.ErrorValidation" name="LoginErrorValidation" time="0.0">
    <ignored/>
  </testcase> <!-- LoginErrorValidation -->
</testsuite>
