<?xml version="1.0" encoding="UTF-8"?>
<!-- Generated by org.testng.reporters.JUnitXMLReporter -->
<testsuite ignored="1" hostname="Sudheekshas-Air" failures="0" tests="2" name="Subbmit order" time="38.64" errors="0" timestamp="2024-06-06T22:00:51 NZST">
  <testcase classname="testMaven.tests.OrderTest" name="submitOrder" time="11.346"/>
  <testcase classname="testMaven.tests.OrderTest" name="submitOrder" time="16.933"/>
  <testcase classname="testMaven.tests.OrderTest" name="OrderHistoryTest" time="0.0">
    <ignored/>
  </testcase> <!-- OrderHistoryTest -->
</testsuite> <!-- Subbmit order -->
