<?xml version="1.0" encoding="UTF-8"?>
<testng-results ignored="3" total="5" passed="2" failed="0" skipped="0">
  <reporter-output>
  </reporter-output>
  <suite started-at="2024-05-30T19:04:13 NZST" name="Suite" finished-at="2024-05-30T19:04:52 NZST" duration-ms="38701">
    <groups>
      <group name="purchase">
        <method signature="OrderTest.submitOrder(java.util.HashMap)[pri:0, instance:testMaven.tests.OrderTest@12aba8be]" name="submitOrder" class="testMaven.tests.OrderTest"/>
      </group> <!-- purchase -->
    </groups>
    <test started-at="2024-05-30T19:04:13 NZST" name="Error validation test" finished-at="2024-05-30T19:04:13 NZST" duration-ms="3">
    </test> <!-- Error validation test -->
    <test started-at="2024-05-30T19:04:13 NZST" name="Subbmit order" finished-at="2024-05-30T19:04:52 NZST" duration-ms="38701">
      <class name="testMaven.tests.OrderTest">
        <test-method is-config="true" signature="LaunchApplication()[pri:0, instance:testMaven.tests.OrderTest@12aba8be]" started-at="2024-05-30T19:04:13 NZST" name="LaunchApplication" finished-at="2024-05-30T19:04:25 NZST" duration-ms="12047" status="PASS">
          <reporter-output>
          </reporter-output>
        </test-method> <!-- LaunchApplication -->
        <test-method signature="submitOrder(java.util.HashMap)[pri:0, instance:testMaven.tests.OrderTest@12aba8be]" started-at="2024-05-30T19:04:25 NZST" name="submitOrder" data-provider="getdata" finished-at="2024-05-30T19:04:37 NZST" duration-ms="11609" status="PASS">
          <params>
            <param index="0">
              <value>
                <![CDATA[{password=Asdf@123, product=ZARA COAT 3, email=corona-rebid-0d@icloud.com}]]>
              </value>
            </param>
          </params>
          <reporter-output>
          </reporter-output>
        </test-method> <!-- submitOrder -->
        <test-method is-config="true" signature="tearDown()[pri:0, instance:testMaven.tests.OrderTest@12aba8be]" started-at="2024-05-30T19:04:37 NZST" name="tearDown" finished-at="2024-05-30T19:04:37 NZST" duration-ms="86" status="PASS">
          <reporter-output>
          </reporter-output>
        </test-method> <!-- tearDown -->
        <test-method is-config="true" signature="LaunchApplication()[pri:0, instance:testMaven.tests.OrderTest@12aba8be]" started-at="2024-05-30T19:04:37 NZST" name="LaunchApplication" finished-at="2024-05-30T19:04:41 NZST" duration-ms="3575" status="PASS">
          <reporter-output>
          </reporter-output>
        </test-method> <!-- LaunchApplication -->
        <test-method signature="submitOrder(java.util.HashMap)[pri:0, instance:testMaven.tests.OrderTest@12aba8be]" started-at="2024-05-30T19:04:41 NZST" name="submitOrder" data-provider="getdata" finished-at="2024-05-30T19:04:52 NZST" duration-ms="11182" status="PASS">
          <params>
            <param index="0">
              <value>
                <![CDATA[{password=Qwer@123, product=ADIDAS ORIGINAL, email=Sudhee@gmail.com}]]>
              </value>
            </param>
          </params>
          <reporter-output>
          </reporter-output>
        </test-method> <!-- submitOrder -->
        <test-method is-config="true" signature="tearDown()[pri:0, instance:testMaven.tests.OrderTest@12aba8be]" started-at="2024-05-30T19:04:52 NZST" name="tearDown" finished-at="2024-05-30T19:04:52 NZST" duration-ms="82" status="PASS">
          <reporter-output>
          </reporter-output>
        </test-method> <!-- tearDown -->
      </class> <!-- testMaven.tests.OrderTest -->
    </test> <!-- Subbmit order -->
  </suite> <!-- Suite -->
</testng-results>
