<?xml version="1.0" encoding="UTF-8"?>
<testng-results ignored="3" total="5" passed="2" failed="0" skipped="0">
  <reporter-output>
  </reporter-output>
  <suite started-at="2024-06-06T22:00:12 NZST" name="Suite" finished-at="2024-06-06T22:00:51 NZST" duration-ms="38640">
    <groups>
      <group name="purchase">
        <method signature="OrderTest.submitOrder(java.util.HashMap)[pri:0, instance:testMaven.tests.OrderTest@2767e23c]" name="submitOrder" class="testMaven.tests.OrderTest"/>
      </group> <!-- purchase -->
    </groups>
    <test started-at="2024-06-06T22:00:12 NZST" name="Error validation test" finished-at="2024-06-06T22:00:12 NZST" duration-ms="4">
    </test> <!-- Error validation test -->
    <test started-at="2024-06-06T22:00:12 NZST" name="Subbmit order" finished-at="2024-06-06T22:00:51 NZST" duration-ms="38640">
      <class name="testMaven.tests.OrderTest">
        <test-method is-config="true" signature="LaunchApplication()[pri:0, instance:testMaven.tests.OrderTest@2767e23c]" started-at="2024-06-06T22:00:12 NZST" name="LaunchApplication" finished-at="2024-06-06T22:00:18 NZST" duration-ms="5899" status="PASS">
          <reporter-output>
          </reporter-output>
        </test-method> <!-- LaunchApplication -->
        <test-method signature="submitOrder(java.util.HashMap)[pri:0, instance:testMaven.tests.OrderTest@2767e23c]" started-at="2024-06-06T22:00:18 NZST" name="submitOrder" data-provider="getdata" finished-at="2024-06-06T22:00:29 NZST" duration-ms="11346" status="PASS">
          <params>
            <param index="0">
              <value>
                <![CDATA[{password=Asdf@123, product=ZARA COAT 3, email=corona-rebid-0d@icloud.com}]]>
              </value>
            </param>
          </params>
          <reporter-output>
          </reporter-output>
        </test-method> <!-- submitOrder -->
        <test-method is-config="true" signature="tearDown()[pri:0, instance:testMaven.tests.OrderTest@2767e23c]" started-at="2024-06-06T22:00:29 NZST" name="tearDown" finished-at="2024-06-06T22:00:30 NZST" duration-ms="102" status="PASS">
          <reporter-output>
          </reporter-output>
        </test-method> <!-- tearDown -->
        <test-method is-config="true" signature="LaunchApplication()[pri:0, instance:testMaven.tests.OrderTest@2767e23c]" started-at="2024-06-06T22:00:30 NZST" name="LaunchApplication" finished-at="2024-06-06T22:00:34 NZST" duration-ms="4117" status="PASS">
          <reporter-output>
          </reporter-output>
        </test-method> <!-- LaunchApplication -->
        <test-method signature="submitOrder(java.util.HashMap)[pri:0, instance:testMaven.tests.OrderTest@2767e23c]" started-at="2024-06-06T22:00:34 NZST" name="submitOrder" data-provider="getdata" finished-at="2024-06-06T22:00:51 NZST" duration-ms="16933" status="PASS">
          <params>
            <param index="0">
              <value>
                <![CDATA[{password=Qwer@123, product=ADIDAS ORIGINAL, email=Sudhee@gmail.com}]]>
              </value>
            </param>
          </params>
          <reporter-output>
          </reporter-output>
        </test-method> <!-- submitOrder -->
        <test-method is-config="true" signature="tearDown()[pri:0, instance:testMaven.tests.OrderTest@2767e23c]" started-at="2024-06-06T22:00:51 NZST" name="tearDown" finished-at="2024-06-06T22:00:51 NZST" duration-ms="105" status="PASS">
          <reporter-output>
          </reporter-output>
        </test-method> <!-- tearDown -->
      </class> <!-- testMaven.tests.OrderTest -->
    </test> <!-- Subbmit order -->
  </suite> <!-- Suite -->
</testng-results>
