<?xml version="1.0" encoding="UTF-8"?>
<!-- Generated by org.testng.reporters.JUnitReportReporter -->
<testsuite hostname="Sudheekshas-Air" failures="0" tests="1" name="Cucumber.TestNGTestRunner" time="5.221" errors="1" timestamp="2024-06-06T21:45:01 NZST" skipped="0">
  <testcase classname="Cucumber.TestNGTestRunner" name="runScenario" time="5.221">
    <error message="Cannot invoke &quot;org.openqa.selenium.WebElement.findElement(org.openqa.selenium.By)&quot; because &quot;prod&quot; is null" type="java.lang.NullPointerException">
      <![CDATA[java.lang.NullPointerException: Cannot invoke "org.openqa.selenium.WebElement.findElement(org.openqa.selenium.By)" because "prod" is null
at testMaven.PageObjects.ProductCatalogue.addProuctToCart(ProductCatalogue.java:59)
at testMaven.stepdefination.stepDefiniation.I_add_product_to_cart(stepDefiniation.java:43)
at ✽.I add product ZARA COAT 3 to cart(file:///Users/sudheekshabayar/eclipse-workspace/MavenTest/src/test/java/Cucumber/SubmitOrder.feature:12)
]]>
    </error>
  </testcase> <!-- runScenario -->
  <system-out/>
</testsuite> <!-- Cucumber.TestNGTestRunner -->
